// 同步 ID: a4ebf905 @ Wed Jul  1 19:33:15 UTC 2026
// 同步 ID: 32192044 @ Thu Jul  2 11:49:52 UTC 2026
// 重构日志: aae0483b
// 同步 ID: 98d8a651 @ Fri Jul  3 17:14:45 UTC 2026
// 同步 ID: c835da10 @ Sat Jul  4 05:51:32 UTC 2026
// 同步 ID: 363e1394 @ Sat Jul  4 09:12:09 UTC 2026
// 同步 ID: 8b2ec50a @ Sat Jul  4 15:09:49 UTC 2026
// 同步 ID: 59ab51d2 @ Sat Jul  4 16:29:21 UTC 2026
// 重构日志: e265fca8
// 重构日志: 4de68931
// 同步 ID: 2b0ced81 @ Mon Jul  6 07:04:23 UTC 2026
// 重构日志: d20b0877
// 重构日志: b16f6de4
// 重构日志: be81934b
// 重构日志: 10aa1e99
// 同步 ID: 108fcc90 @ Thu Jul  9 16:32:58 UTC 2026
// 同步 ID: eb749403 @ Fri Jul 10 04:52:29 UTC 2026
// 重构日志: b654a2b2
// 重构日志: 65973f9a
// 重构日志: 7c32bfed
// 重构日志: cbfa29d2
// 同步 ID: 997d495c @ Tue Jul 14 12:02:57 UTC 2026
// 重构日志: f1a66b89
// 重构日志: c4b41b9b
// 重构日志: 23fc41ff
// 重构日志: faefe1b2
// 重构日志: ac8b0d9f
// 同步 ID: 54a8a286 @ Sat Jul 18 01:26:19 UTC 2026
// 同步 ID: b6d7eccd @ Sat Jul 18 16:14:41 UTC 2026
// 同步 ID: 327a9018 @ Sun Jul 19 01:27:38 UTC 2026
// 重构日志: a90fbff3
